{"contracts\\lottery.sol":{"l":{"59":3,"60":3,"61":3,"62":3,"63":3,"64":3,"65":3,"66":3,"70":6,"71":1,"73":5,"74":0,"76":5,"77":5,"100":4,"101":4,"102":4,"103":4,"104":4,"105":4,"111":3,"112":3,"113":0,"119":3,"120":3,"127":0,"134":0,"135":0,"136":0,"137":0,"138":0,"139":0,"141":0,"143":0,"144":0,"146":0,"152":8,"156":1,"160":0,"164":1,"168":0,"172":0,"176":0,"180":8},"path":"C:\\Users\\Hp\\Documents\\webapps\\solidity-course\\hardhat-lottery\\contracts\\lottery.sol","s":{"1":6,"2":5,"3":5,"4":5,"5":4,"6":4,"7":4,"8":4,"9":4,"10":3,"11":3,"12":3,"13":0,"14":0,"15":0,"16":0,"17":0,"18":0,"19":8,"20":1,"21":0,"22":1,"23":0,"24":0,"25":0,"26":8},"b":{"1":[1,5],"2":[0,5],"3":[0,3],"4":[0,0]},"f":{"1":3,"2":6,"3":4,"4":3,"5":0,"6":8,"7":1,"8":0,"9":1,"10":0,"11":0,"12":0,"13":8},"fnMap":{"1":{"name":"constructor","line":58,"loc":{"start":{"line":51,"column":4},"end":{"line":67,"column":4}}},"2":{"name":"enterLottery","line":69,"loc":{"start":{"line":69,"column":4},"end":{"line":78,"column":4}}},"3":{"name":"checkUpkeep","line":90,"loc":{"start":{"line":90,"column":4},"end":{"line":106,"column":4}}},"4":{"name":"performUpkeep","line":108,"loc":{"start":{"line":108,"column":4},"end":{"line":128,"column":4}}},"5":{"name":"fulfillRandomWords","line":130,"loc":{"start":{"line":130,"column":4},"end":{"line":147,"column":4}}},"6":{"name":"getEntranceFee","line":151,"loc":{"start":{"line":151,"column":4},"end":{"line":153,"column":4}}},"7":{"name":"getPlayer","line":155,"loc":{"start":{"line":155,"column":4},"end":{"line":157,"column":4}}},"8":{"name":"getRecentWinner","line":159,"loc":{"start":{"line":159,"column":4},"end":{"line":161,"column":4}}},"9":{"name":"getLotteryState","line":163,"loc":{"start":{"line":163,"column":4},"end":{"line":165,"column":4}}},"10":{"name":"getNumWords","line":167,"loc":{"start":{"line":167,"column":4},"end":{"line":169,"column":4}}},"11":{"name":"getNumberOfPlayers","line":171,"loc":{"start":{"line":171,"column":4},"end":{"line":173,"column":4}}},"12":{"name":"getRequestConfirmations","line":175,"loc":{"start":{"line":175,"column":4},"end":{"line":177,"column":4}}},"13":{"name":"getInterval","line":179,"loc":{"start":{"line":179,"column":4},"end":{"line":181,"column":4}}}},"statementMap":{"1":{"start":{"line":70,"column":8},"end":{"line":70,"column":2386}},"2":{"start":{"line":73,"column":8},"end":{"line":73,"column":2493}},"3":{"start":{"line":76,"column":8},"end":{"line":76,"column":42}},"4":{"start":{"line":77,"column":8},"end":{"line":77,"column":37}},"5":{"start":{"line":100,"column":8},"end":{"line":100,"column":59}},"6":{"start":{"line":101,"column":8},"end":{"line":101,"column":74}},"7":{"start":{"line":102,"column":8},"end":{"line":102,"column":48}},"8":{"start":{"line":103,"column":8},"end":{"line":103,"column":51}},"9":{"start":{"line":105,"column":8},"end":{"line":105,"column":36}},"10":{"start":{"line":111,"column":8},"end":{"line":111,"column":47}},"11":{"start":{"line":112,"column":8},"end":{"line":112,"column":3830}},"12":{"start":{"line":120,"column":8},"end":{"line":120,"column":4102}},"13":{"start":{"line":127,"column":8},"end":{"line":127,"column":46}},"14":{"start":{"line":134,"column":8},"end":{"line":134,"column":68}},"15":{"start":{"line":135,"column":8},"end":{"line":135,"column":66}},"16":{"start":{"line":141,"column":8},"end":{"line":141,"column":78}},"17":{"start":{"line":143,"column":8},"end":{"line":143,"column":4916}},"18":{"start":{"line":146,"column":8},"end":{"line":146,"column":39}},"19":{"start":{"line":152,"column":8},"end":{"line":152,"column":28}},"20":{"start":{"line":156,"column":8},"end":{"line":156,"column":31}},"21":{"start":{"line":160,"column":8},"end":{"line":160,"column":29}},"22":{"start":{"line":164,"column":8},"end":{"line":164,"column":29}},"23":{"start":{"line":168,"column":8},"end":{"line":168,"column":24}},"24":{"start":{"line":172,"column":8},"end":{"line":172,"column":31}},"25":{"start":{"line":176,"column":8},"end":{"line":176,"column":36}},"26":{"start":{"line":180,"column":8},"end":{"line":180,"column":25}}},"branchMap":{"1":{"line":70,"type":"if","locations":[{"start":{"line":70,"column":8},"end":{"line":70,"column":8}},{"start":{"line":70,"column":8},"end":{"line":70,"column":8}}]},"2":{"line":73,"type":"if","locations":[{"start":{"line":73,"column":8},"end":{"line":73,"column":8}},{"start":{"line":73,"column":8},"end":{"line":73,"column":8}}]},"3":{"line":112,"type":"if","locations":[{"start":{"line":112,"column":8},"end":{"line":112,"column":8}},{"start":{"line":112,"column":8},"end":{"line":112,"column":8}}]},"4":{"line":143,"type":"if","locations":[{"start":{"line":143,"column":8},"end":{"line":143,"column":8}},{"start":{"line":143,"column":8},"end":{"line":143,"column":8}}]}}},"contracts\\mocks\\VRFCoordinatorV2Mock.sol":{"l":{},"path":"C:\\Users\\Hp\\Documents\\webapps\\solidity-course\\hardhat-lottery\\contracts\\mocks\\VRFCoordinatorV2Mock.sol","s":{},"b":{},"f":{},"fnMap":{},"statementMap":{},"branchMap":{}}}