{"contracts\\lottery.sol":{"l":{"59":3,"60":3,"61":3,"62":3,"63":3,"64":3,"65":3,"66":3,"70":13,"71":1,"73":12,"74":1,"76":11,"77":11,"97":8,"98":8,"99":8,"100":8,"101":8,"102":8,"106":6,"107":6,"108":1,"114":5,"115":5,"122":5,"129":1,"130":1,"131":1,"132":1,"133":1,"134":1,"136":1,"138":0,"139":0,"141":0,"147":12,"151":1,"155":0,"159":3,"163":0,"167":0,"171":1,"175":0,"179":12,"183":0},"path":"C:\\Users\\Hp\\Documents\\webapps\\solidity-course\\hardhat-lottery\\contracts\\lottery.sol","s":{"1":13,"2":12,"3":11,"4":11,"5":8,"6":8,"7":8,"8":8,"9":8,"10":6,"11":6,"12":5,"13":5,"14":1,"15":1,"16":1,"17":0,"18":0,"19":12,"20":1,"21":0,"22":3,"23":0,"24":0,"25":1,"26":0,"27":12,"28":0},"b":{"1":[1,12],"2":[1,11],"3":[1,5],"4":[0,0]},"f":{"1":3,"2":13,"3":8,"4":6,"5":1,"6":12,"7":1,"8":0,"9":3,"10":0,"11":0,"12":1,"13":0,"14":12,"15":0},"fnMap":{"1":{"name":"constructor","line":58,"loc":{"start":{"line":51,"column":4},"end":{"line":67,"column":4}}},"2":{"name":"enterLottery","line":69,"loc":{"start":{"line":69,"column":4},"end":{"line":78,"column":4}}},"3":{"name":"checkUpkeep","line":90,"loc":{"start":{"line":90,"column":4},"end":{"line":103,"column":4}}},"4":{"name":"performUpkeep","line":105,"loc":{"start":{"line":105,"column":4},"end":{"line":123,"column":4}}},"5":{"name":"fulfillRandomWords","line":125,"loc":{"start":{"line":125,"column":4},"end":{"line":142,"column":4}}},"6":{"name":"getEntranceFee","line":146,"loc":{"start":{"line":146,"column":4},"end":{"line":148,"column":4}}},"7":{"name":"getPlayer","line":150,"loc":{"start":{"line":150,"column":4},"end":{"line":152,"column":4}}},"8":{"name":"getRecentWinner","line":154,"loc":{"start":{"line":154,"column":4},"end":{"line":156,"column":4}}},"9":{"name":"getLotteryState","line":158,"loc":{"start":{"line":158,"column":4},"end":{"line":160,"column":4}}},"10":{"name":"getNumWords","line":162,"loc":{"start":{"line":162,"column":4},"end":{"line":164,"column":4}}},"11":{"name":"getNumberOfPlayers","line":166,"loc":{"start":{"line":166,"column":4},"end":{"line":168,"column":4}}},"12":{"name":"getLatestTimeStamp","line":170,"loc":{"start":{"line":170,"column":4},"end":{"line":172,"column":4}}},"13":{"name":"getRequestConfirmations","line":174,"loc":{"start":{"line":174,"column":4},"end":{"line":176,"column":4}}},"14":{"name":"getInterval","line":178,"loc":{"start":{"line":178,"column":4},"end":{"line":180,"column":4}}},"15":{"name":"getSubId","line":182,"loc":{"start":{"line":182,"column":4},"end":{"line":184,"column":4}}}},"statementMap":{"1":{"start":{"line":70,"column":8},"end":{"line":70,"column":2386}},"2":{"start":{"line":73,"column":8},"end":{"line":73,"column":2493}},"3":{"start":{"line":76,"column":8},"end":{"line":76,"column":42}},"4":{"start":{"line":77,"column":8},"end":{"line":77,"column":37}},"5":{"start":{"line":97,"column":8},"end":{"line":97,"column":59}},"6":{"start":{"line":98,"column":8},"end":{"line":98,"column":74}},"7":{"start":{"line":99,"column":8},"end":{"line":99,"column":48}},"8":{"start":{"line":100,"column":8},"end":{"line":100,"column":51}},"9":{"start":{"line":102,"column":8},"end":{"line":102,"column":36}},"10":{"start":{"line":106,"column":8},"end":{"line":106,"column":47}},"11":{"start":{"line":107,"column":8},"end":{"line":107,"column":3777}},"12":{"start":{"line":115,"column":8},"end":{"line":115,"column":4049}},"13":{"start":{"line":122,"column":8},"end":{"line":122,"column":46}},"14":{"start":{"line":129,"column":8},"end":{"line":129,"column":68}},"15":{"start":{"line":130,"column":8},"end":{"line":130,"column":66}},"16":{"start":{"line":136,"column":8},"end":{"line":136,"column":78}},"17":{"start":{"line":138,"column":8},"end":{"line":138,"column":4863}},"18":{"start":{"line":141,"column":8},"end":{"line":141,"column":39}},"19":{"start":{"line":147,"column":8},"end":{"line":147,"column":28}},"20":{"start":{"line":151,"column":8},"end":{"line":151,"column":31}},"21":{"start":{"line":155,"column":8},"end":{"line":155,"column":29}},"22":{"start":{"line":159,"column":8},"end":{"line":159,"column":29}},"23":{"start":{"line":163,"column":8},"end":{"line":163,"column":24}},"24":{"start":{"line":167,"column":8},"end":{"line":167,"column":31}},"25":{"start":{"line":171,"column":8},"end":{"line":171,"column":30}},"26":{"start":{"line":175,"column":8},"end":{"line":175,"column":36}},"27":{"start":{"line":179,"column":8},"end":{"line":179,"column":25}},"28":{"start":{"line":183,"column":8},"end":{"line":183,"column":31}}},"branchMap":{"1":{"line":70,"type":"if","locations":[{"start":{"line":70,"column":8},"end":{"line":70,"column":8}},{"start":{"line":70,"column":8},"end":{"line":70,"column":8}}]},"2":{"line":73,"type":"if","locations":[{"start":{"line":73,"column":8},"end":{"line":73,"column":8}},{"start":{"line":73,"column":8},"end":{"line":73,"column":8}}]},"3":{"line":107,"type":"if","locations":[{"start":{"line":107,"column":8},"end":{"line":107,"column":8}},{"start":{"line":107,"column":8},"end":{"line":107,"column":8}}]},"4":{"line":138,"type":"if","locations":[{"start":{"line":138,"column":8},"end":{"line":138,"column":8}},{"start":{"line":138,"column":8},"end":{"line":138,"column":8}}]}}},"contracts\\mocks\\VRFCoordinatorV2Mock.sol":{"l":{},"path":"C:\\Users\\Hp\\Documents\\webapps\\solidity-course\\hardhat-lottery\\contracts\\mocks\\VRFCoordinatorV2Mock.sol","s":{},"b":{},"f":{},"fnMap":{},"statementMap":{},"branchMap":{}}}